<?xml version="1.0" encoding="UTF-8"?>
<testng-results skipped="0" failed="0" ignored="0" total="1" passed="1">
  <reporter-output>
  </reporter-output>
  <suite name="Default suite" duration-ms="829050" started-at="2018-03-22T08:02:53Z" finished-at="2018-03-22T08:16:42Z">
    <groups>
      <group name="TC5129_AchiveOfPreviousBreach">
        <method signature="BreachmanagmentTest.TC5129_AchiveOfPreviousBreach()[pri:101, instance:com.tide.qa.tests.BreachmanagmentTest@7d0587f1]" name="TC5129_AchiveOfPreviousBreach" class="com.tide.qa.tests.BreachmanagmentTest"/>
      </group> <!-- TC5129_AchiveOfPreviousBreach -->
    </groups>
    <test name="Default test" duration-ms="829050" started-at="2018-03-22T08:02:53Z" finished-at="2018-03-22T08:16:42Z">
      <class name="com.tide.qa.tests.BreachmanagmentTest">
        <test-method status="PASS" signature="setUp()[pri:0, instance:com.tide.qa.tests.BreachmanagmentTest@7d0587f1]" name="setUp" is-config="true" duration-ms="28515" started-at="2018-03-22T13:32:25Z" finished-at="2018-03-22T13:32:53Z">
          <reporter-output>
          </reporter-output>
        </test-method> <!-- setUp -->
        <test-method status="PASS" signature="TC5129_AchiveOfPreviousBreach()[pri:101, instance:com.tide.qa.tests.BreachmanagmentTest@7d0587f1]" name="TC5129_AchiveOfPreviousBreach" duration-ms="829032" started-at="2018-03-22T13:32:53Z" finished-at="2018-03-22T13:46:42Z">
          <reporter-output>
          </reporter-output>
        </test-method> <!-- TC5129_AchiveOfPreviousBreach -->
        <test-method status="PASS" signature="tearDownWebDriver()[pri:0, instance:com.tide.qa.tests.BreachmanagmentTest@7d0587f1]" name="tearDownWebDriver" is-config="true" duration-ms="17794" started-at="2018-03-22T13:46:43Z" finished-at="2018-03-22T13:47:00Z">
          <reporter-output>
          </reporter-output>
        </test-method> <!-- tearDownWebDriver -->
      </class> <!-- com.tide.qa.tests.BreachmanagmentTest -->
    </test> <!-- Default test -->
  </suite> <!-- Default suite -->
</testng-results>
